[2023-02-24 11:34:38] local.ERROR: ErrorException: file_put_contents(/www/wwwroot/eckmar1/storage/framework/views/fbe0b47355d8db401ac55a4b563950cbe103b4ad.php): failed to open stream: Permission denied in /www/wwwroot/eckmar1/vendor/laravel/framework/src/Illuminate/Filesystem/Filesystem.php:122
Stack trace:
#0 [internal function]: Illuminate\Foundation\Bootstrap\HandleExceptions->handleError()
#1 /www/wwwroot/eckmar1/vendor/laravel/framework/src/Illuminate/Filesystem/Filesystem.php(122): file_put_contents()
#2 /www/wwwroot/eckmar1/vendor/laravel/framework/src/Illuminate/View/Compilers/BladeCompiler.php(122): Illuminate\Filesystem\Filesystem->put()
#3 /www/wwwroot/eckmar1/vendor/laravel/framework/src/Illuminate/View/Engines/CompilerEngine.php(51): Illuminate\View\Compilers\BladeCompiler->compile()
#4 /www/wwwroot/eckmar1/vendor/laravel/framework/src/Illuminate/View/View.php(137): Illuminate\View\Engines\CompilerEngine->get()
#5 /www/wwwroot/eckmar1/vendor/laravel/framework/src/Illuminate/View/View.php(120): Illuminate\View\View->getContents()
#6 /www/wwwroot/eckmar1/vendor/laravel/framework/src/Illuminate/View/View.php(85): Illuminate\View\View->renderContents()
#7 /www/wwwroot/eckmar1/vendor/laravel/framework/src/Illuminate/Http/Response.php(38): Illuminate\View\View->render()
#8 /www/wwwroot/eckmar1/vendor/symfony/http-foundation/Response.php(206): Illuminate\Http\Response->setContent()
#9 /www/wwwroot/eckmar1/vendor/laravel/framework/src/Illuminate/Routing/Router.php(615): Symfony\Component\HttpFoundation\Response->__construct()
#10 /www/wwwroot/eckmar1/vendor/laravel/framework/src/Illuminate/Routing/Router.php(572): Illuminate\Routing\Router->prepareResponse()
#11 /www/wwwroot/eckmar1/vendor/laravel/framework/src/Illuminate/Routing/Pipeline.php(30): Illuminate\Routing\Router->Illuminate\Routing\{closure}()
#12 /www/wwwroot/eckmar1/vendor/laravel/framework/src/Illuminate/Routing/Middleware/SubstituteBindings.php(41): Illuminate\Routing\Pipeline->Illuminate\Routing\{closure}()
#13 /www/wwwroot/eckmar1/vendor/laravel/framework/src/Illuminate/Pipeline/Pipeline.php(148): Illuminate\Routing\Middleware\SubstituteBindings->handle()
#14 /www/wwwroot/eckmar1/vendor/laravel/framework/src/Illuminate/Routing/Pipeline.php(53): Illuminate\Pipeline\Pipeline->Illuminate\Pipeline\{closure}()
#15 /www/wwwroot/eckmar1/vendor/laravel/framework/src/Illuminate/Foundation/Http/Middleware/VerifyCsrfToken.php(65): Illuminate\Routing\Pipeline->Illuminate\Routing\{closure}()
#16 /www/wwwroot/eckmar1/vendor/laravel/framework/src/Illuminate/Pipeline/Pipeline.php(148): Illuminate\Foundation\Http\Middleware\VerifyCsrfToken->handle()
#17 /www/wwwroot/eckmar1/vendor/laravel/framework/src/Illuminate/Routing/Pipeline.php(53): Illuminate\Pipeline\Pipeline->Illuminate\Pipeline\{closure}()
#18 /www/wwwroot/eckmar1/vendor/laravel/framework/src/Illuminate/View/Middleware/ShareErrorsFromSession.php(49): Illuminate\Routing\Pipeline->Illuminate\Routing\{closure}()
#19 /www/wwwroot/eckmar1/vendor/laravel/framework/src/Illuminate/Pipeline/Pipeline.php(148): Illuminate\View\Middleware\ShareErrorsFromSession->handle()
#20 /www/wwwroot/eckmar1/vendor/laravel/framework/src/Illuminate/Routing/Pipeline.php(53): Illuminate\Pipeline\Pipeline->Illuminate\Pipeline\{closure}()
#21 /www/wwwroot/eckmar1/vendor/laravel/framework/src/Illuminate/Session/Middleware/StartSession.php(64): Illuminate\Routing\Pipeline->Illuminate\Routing\{closure}()
#22 /www/wwwroot/eckmar1/vendor/laravel/framework/src/Illuminate/Pipeline/Pipeline.php(148): Illuminate\Session\Middleware\StartSession->handle()
#23 /www/wwwroot/eckmar1/vendor/laravel/framework/src/Illuminate/Routing/Pipeline.php(53): Illuminate\Pipeline\Pipeline->Illuminate\Pipeline\{closure}()
#24 /www/wwwroot/eckmar1/vendor/laravel/framework/src/Illuminate/Cookie/Middleware/AddQueuedCookiesToResponse.php(37): Illuminate\Routing\Pipeline->Illuminate\Routing\{closure}()
#25 /www/wwwroot/eckmar1/vendor/laravel/framework/src/Illuminate/Pipeline/Pipeline.php(148): Illuminate\Cookie\Middleware\AddQueuedCookiesToResponse->handle()
#26 /www/wwwroot/eckmar1/vendor/laravel/framework/src/Illuminate/Routing/Pipeline.php(53): Illuminate\Pipeline\Pipeline->Illuminate\Pipeline\{closure}()
#27 /www/wwwroot/eckmar1/vendor/laravel/framework/src/Illuminate/Cookie/Middleware/EncryptCookies.php(59): Illuminate\Routing\Pipeline->Illuminate\Routing\{closure}()
#28 /www/wwwroot/eckmar1/vendor/laravel/framework/src/Illuminate/Pipeline/Pipeline.php(148): Illuminate\Cookie\Middleware\EncryptCookies->handle()
#29 /www/wwwroot/eckmar1/vendor/laravel/framework/src/Illuminate/Routing/Pipeline.php(53): Illuminate\Pipeline\Pipeline->Illuminate\Pipeline\{closure}()
#30 /www/wwwroot/eckmar1/vendor/laravel/framework/src/Illuminate/Pipeline/Pipeline.php(102): Illuminate\Routing\Pipeline->Illuminate\Routing\{closure}()
#31 /www/wwwroot/eckmar1/vendor/laravel/framework/src/Illuminate/Routing/Router.php(574): Illuminate\Pipeline\Pipeline->then()
#32 /www/wwwroot/eckmar1/vendor/laravel/framework/src/Illuminate/Routing/Router.php(533): Illuminate\Routing\Router->runRouteWithinStack()
#33 /www/wwwroot/eckmar1/vendor/laravel/framework/src/Illuminate/Routing/Router.php(511): Illuminate\Routing\Router->dispatchToRoute()
#34 /www/wwwroot/eckmar1/vendor/laravel/framework/src/Illuminate/Foundation/Http/Kernel.php(176): Illuminate\Routing\Router->dispatch()
#35 /www/wwwroot/eckmar1/vendor/laravel/framework/src/Illuminate/Routing/Pipeline.php(30): Illuminate\Foundation\Http\Kernel->Illuminate\Foundation\Http\{closure}()
#36 /www/wwwroot/eckmar1/vendor/laravel/framework/src/Illuminate/Foundation/Http/Middleware/TransformsRequest.php(30): Illuminate\Routing\Pipeline->Illuminate\Routing\{closure}()
#37 /www/wwwroot/eckmar1/vendor/laravel/framework/src/Illuminate/Pipeline/Pipeline.php(148): Illuminate\Foundation\Http\Middleware\TransformsRequest->handle()
#38 /www/wwwroot/eckmar1/vendor/laravel/framework/src/Illuminate/Routing/Pipeline.php(53): Illuminate\Pipeline\Pipeline->Illuminate\Pipeline\{closure}()
#39 /www/wwwroot/eckmar1/vendor/laravel/framework/src/Illuminate/Foundation/Http/Middleware/TransformsRequest.php(30): Illuminate\Routing\Pipeline->Illuminate\Routing\{closure}()
#40 /www/wwwroot/eckmar1/vendor/laravel/framework/src/Illuminate/Pipeline/Pipeline.php(148): Illuminate\Foundation\Http\Middleware\TransformsRequest->handle()
#41 /www/wwwroot/eckmar1/vendor/laravel/framework/src/Illuminate/Routing/Pipeline.php(53): Illuminate\Pipeline\Pipeline->Illuminate\Pipeline\{closure}()
#42 /www/wwwroot/eckmar1/vendor/laravel/framework/src/Illuminate/Foundation/Http/Middleware/ValidatePostSize.php(27): Illuminate\Routing\Pipeline->Illuminate\Routing\{closure}()
#43 /www/wwwroot/eckmar1/vendor/laravel/framework/src/Illuminate/Pipeline/Pipeline.php(148): Illuminate\Foundation\Http\Middleware\ValidatePostSize->handle()
#44 /www/wwwroot/eckmar1/vendor/laravel/framework/src/Illuminate/Routing/Pipeline.php(53): Illuminate\Pipeline\Pipeline->Illuminate\Pipeline\{closure}()
#45 /www/wwwroot/eckmar1/vendor/laravel/framework/src/Illuminate/Foundation/Http/Middleware/CheckForMaintenanceMode.php(46): Illuminate\Routing\Pipeline->Illuminate\Routing\{closure}()
#46 /www/wwwroot/eckmar1/vendor/laravel/framework/src/Illuminate/Pipeline/Pipeline.php(148): Illuminate\Foundation\Http\Middleware\CheckForMaintenanceMode->handle()
#47 /www/wwwroot/eckmar1/vendor/laravel/framework/src/Illuminate/Routing/Pipeline.php(53): Illuminate\Pipeline\Pipeline->Illuminate\Pipeline\{closure}()
#48 /www/wwwroot/eckmar1/vendor/laravel/framework/src/Illuminate/Pipeline/Pipeline.php(102): Illuminate\Routing\Pipeline->Illuminate\Routing\{closure}()
#49 /www/wwwroot/eckmar1/vendor/laravel/framework/src/Illuminate/Foundation/Http/Kernel.php(151): Illuminate\Pipeline\Pipeline->then()
#50 /www/wwwroot/eckmar1/vendor/laravel/framework/src/Illuminate/Foundation/Http/Kernel.php(116): Illuminate\Foundation\Http\Kernel->sendRequestThroughRouter()
#51 /www/wwwroot/eckmar1/public/index.php(53): Illuminate\Foundation\Http\Kernel->handle()
#52 {main}  
[2023-02-24 11:34:38] local.ERROR: ErrorException: file_put_contents(/www/wwwroot/eckmar1/storage/framework/sessions/PtfzyVGnaCYcIxvo1VtkEyxCYLoxZiUtRe1993T9): failed to open stream: Permission denied in /www/wwwroot/eckmar1/vendor/laravel/framework/src/Illuminate/Filesystem/Filesystem.php:122
Stack trace:
#0 [internal function]: Illuminate\Foundation\Bootstrap\HandleExceptions->handleError()
#1 /www/wwwroot/eckmar1/vendor/laravel/framework/src/Illuminate/Filesystem/Filesystem.php(122): file_put_contents()
#2 /www/wwwroot/eckmar1/vendor/laravel/framework/src/Illuminate/Session/FileSessionHandler.php(83): Illuminate\Filesystem\Filesystem->put()
#3 /www/wwwroot/eckmar1/vendor/laravel/framework/src/Illuminate/Session/Store.php(128): Illuminate\Session\FileSessionHandler->write()
#4 /www/wwwroot/eckmar1/vendor/laravel/framework/src/Illuminate/Session/Middleware/StartSession.php(88): Illuminate\Session\Store->save()
#5 /www/wwwroot/eckmar1/vendor/laravel/framework/src/Illuminate/Foundation/Http/Kernel.php(218): Illuminate\Session\Middleware\StartSession->terminate()
#6 /www/wwwroot/eckmar1/vendor/laravel/framework/src/Illuminate/Foundation/Http/Kernel.php(189): Illuminate\Foundation\Http\Kernel->terminateMiddleware()
#7 /www/wwwroot/eckmar1/public/index.php(58): Illuminate\Foundation\Http\Kernel->terminate()
#8 {main}  
[2023-02-24 11:34:50] local.ERROR: ErrorException: file_put_contents(/www/wwwroot/eckmar1/storage/framework/views/fbe0b47355d8db401ac55a4b563950cbe103b4ad.php): failed to open stream: Permission denied in /www/wwwroot/eckmar1/vendor/laravel/framework/src/Illuminate/Filesystem/Filesystem.php:122
Stack trace:
#0 [internal function]: Illuminate\Foundation\Bootstrap\HandleExceptions->handleError()
#1 /www/wwwroot/eckmar1/vendor/laravel/framework/src/Illuminate/Filesystem/Filesystem.php(122): file_put_contents()
#2 /www/wwwroot/eckmar1/vendor/laravel/framework/src/Illuminate/View/Compilers/BladeCompiler.php(122): Illuminate\Filesystem\Filesystem->put()
#3 /www/wwwroot/eckmar1/vendor/laravel/framework/src/Illuminate/View/Engines/CompilerEngine.php(51): Illuminate\View\Compilers\BladeCompiler->compile()
#4 /www/wwwroot/eckmar1/vendor/laravel/framework/src/Illuminate/View/View.php(137): Illuminate\View\Engines\CompilerEngine->get()
#5 /www/wwwroot/eckmar1/vendor/laravel/framework/src/Illuminate/View/View.php(120): Illuminate\View\View->getContents()
#6 /www/wwwroot/eckmar1/vendor/laravel/framework/src/Illuminate/View/View.php(85): Illuminate\View\View->renderContents()
#7 /www/wwwroot/eckmar1/vendor/laravel/framework/src/Illuminate/Http/Response.php(38): Illuminate\View\View->render()
#8 /www/wwwroot/eckmar1/vendor/symfony/http-foundation/Response.php(206): Illuminate\Http\Response->setContent()
#9 /www/wwwroot/eckmar1/vendor/laravel/framework/src/Illuminate/Routing/Router.php(615): Symfony\Component\HttpFoundation\Response->__construct()
#10 /www/wwwroot/eckmar1/vendor/laravel/framework/src/Illuminate/Routing/Router.php(572): Illuminate\Routing\Router->prepareResponse()
#11 /www/wwwroot/eckmar1/vendor/laravel/framework/src/Illuminate/Routing/Pipeline.php(30): Illuminate\Routing\Router->Illuminate\Routing\{closure}()
#12 /www/wwwroot/eckmar1/vendor/laravel/framework/src/Illuminate/Routing/Middleware/SubstituteBindings.php(41): Illuminate\Routing\Pipeline->Illuminate\Routing\{closure}()
#13 /www/wwwroot/eckmar1/vendor/laravel/framework/src/Illuminate/Pipeline/Pipeline.php(148): Illuminate\Routing\Middleware\SubstituteBindings->handle()
#14 /www/wwwroot/eckmar1/vendor/laravel/framework/src/Illuminate/Routing/Pipeline.php(53): Illuminate\Pipeline\Pipeline->Illuminate\Pipeline\{closure}()
#15 /www/wwwroot/eckmar1/vendor/laravel/framework/src/Illuminate/Foundation/Http/Middleware/VerifyCsrfToken.php(65): Illuminate\Routing\Pipeline->Illuminate\Routing\{closure}()
#16 /www/wwwroot/eckmar1/vendor/laravel/framework/src/Illuminate/Pipeline/Pipeline.php(148): Illuminate\Foundation\Http\Middleware\VerifyCsrfToken->handle()
#17 /www/wwwroot/eckmar1/vendor/laravel/framework/src/Illuminate/Routing/Pipeline.php(53): Illuminate\Pipeline\Pipeline->Illuminate\Pipeline\{closure}()
#18 /www/wwwroot/eckmar1/vendor/laravel/framework/src/Illuminate/View/Middleware/ShareErrorsFromSession.php(49): Illuminate\Routing\Pipeline->Illuminate\Routing\{closure}()
#19 /www/wwwroot/eckmar1/vendor/laravel/framework/src/Illuminate/Pipeline/Pipeline.php(148): Illuminate\View\Middleware\ShareErrorsFromSession->handle()
#20 /www/wwwroot/eckmar1/vendor/laravel/framework/src/Illuminate/Routing/Pipeline.php(53): Illuminate\Pipeline\Pipeline->Illuminate\Pipeline\{closure}()
#21 /www/wwwroot/eckmar1/vendor/laravel/framework/src/Illuminate/Session/Middleware/StartSession.php(64): Illuminate\Routing\Pipeline->Illuminate\Routing\{closure}()
#22 /www/wwwroot/eckmar1/vendor/laravel/framework/src/Illuminate/Pipeline/Pipeline.php(148): Illuminate\Session\Middleware\StartSession->handle()
#23 /www/wwwroot/eckmar1/vendor/laravel/framework/src/Illuminate/Routing/Pipeline.php(53): Illuminate\Pipeline\Pipeline->Illuminate\Pipeline\{closure}()
#24 /www/wwwroot/eckmar1/vendor/laravel/framework/src/Illuminate/Cookie/Middleware/AddQueuedCookiesToResponse.php(37): Illuminate\Routing\Pipeline->Illuminate\Routing\{closure}()
#25 /www/wwwroot/eckmar1/vendor/laravel/framework/src/Illuminate/Pipeline/Pipeline.php(148): Illuminate\Cookie\Middleware\AddQueuedCookiesToResponse->handle()
#26 /www/wwwroot/eckmar1/vendor/laravel/framework/src/Illuminate/Routing/Pipeline.php(53): Illuminate\Pipeline\Pipeline->Illuminate\Pipeline\{closure}()
#27 /www/wwwroot/eckmar1/vendor/laravel/framework/src/Illuminate/Cookie/Middleware/EncryptCookies.php(59): Illuminate\Routing\Pipeline->Illuminate\Routing\{closure}()
#28 /www/wwwroot/eckmar1/vendor/laravel/framework/src/Illuminate/Pipeline/Pipeline.php(148): Illuminate\Cookie\Middleware\EncryptCookies->handle()
#29 /www/wwwroot/eckmar1/vendor/laravel/framework/src/Illuminate/Routing/Pipeline.php(53): Illuminate\Pipeline\Pipeline->Illuminate\Pipeline\{closure}()
#30 /www/wwwroot/eckmar1/vendor/laravel/framework/src/Illuminate/Pipeline/Pipeline.php(102): Illuminate\Routing\Pipeline->Illuminate\Routing\{closure}()
#31 /www/wwwroot/eckmar1/vendor/laravel/framework/src/Illuminate/Routing/Router.php(574): Illuminate\Pipeline\Pipeline->then()
#32 /www/wwwroot/eckmar1/vendor/laravel/framework/src/Illuminate/Routing/Router.php(533): Illuminate\Routing\Router->runRouteWithinStack()
#33 /www/wwwroot/eckmar1/vendor/laravel/framework/src/Illuminate/Routing/Router.php(511): Illuminate\Routing\Router->dispatchToRoute()
#34 /www/wwwroot/eckmar1/vendor/laravel/framework/src/Illuminate/Foundation/Http/Kernel.php(176): Illuminate\Routing\Router->dispatch()
#35 /www/wwwroot/eckmar1/vendor/laravel/framework/src/Illuminate/Routing/Pipeline.php(30): Illuminate\Foundation\Http\Kernel->Illuminate\Foundation\Http\{closure}()
#36 /www/wwwroot/eckmar1/vendor/laravel/framework/src/Illuminate/Foundation/Http/Middleware/TransformsRequest.php(30): Illuminate\Routing\Pipeline->Illuminate\Routing\{closure}()
#37 /www/wwwroot/eckmar1/vendor/laravel/framework/src/Illuminate/Pipeline/Pipeline.php(148): Illuminate\Foundation\Http\Middleware\TransformsRequest->handle()
#38 /www/wwwroot/eckmar1/vendor/laravel/framework/src/Illuminate/Routing/Pipeline.php(53): Illuminate\Pipeline\Pipeline->Illuminate\Pipeline\{closure}()
#39 /www/wwwroot/eckmar1/vendor/laravel/framework/src/Illuminate/Foundation/Http/Middleware/TransformsRequest.php(30): Illuminate\Routing\Pipeline->Illuminate\Routing\{closure}()
#40 /www/wwwroot/eckmar1/vendor/laravel/framework/src/Illuminate/Pipeline/Pipeline.php(148): Illuminate\Foundation\Http\Middleware\TransformsRequest->handle()
#41 /www/wwwroot/eckmar1/vendor/laravel/framework/src/Illuminate/Routing/Pipeline.php(53): Illuminate\Pipeline\Pipeline->Illuminate\Pipeline\{closure}()
#42 /www/wwwroot/eckmar1/vendor/laravel/framework/src/Illuminate/Foundation/Http/Middleware/ValidatePostSize.php(27): Illuminate\Routing\Pipeline->Illuminate\Routing\{closure}()
#43 /www/wwwroot/eckmar1/vendor/laravel/framework/src/Illuminate/Pipeline/Pipeline.php(148): Illuminate\Foundation\Http\Middleware\ValidatePostSize->handle()
#44 /www/wwwroot/eckmar1/vendor/laravel/framework/src/Illuminate/Routing/Pipeline.php(53): Illuminate\Pipeline\Pipeline->Illuminate\Pipeline\{closure}()
#45 /www/wwwroot/eckmar1/vendor/laravel/framework/src/Illuminate/Foundation/Http/Middleware/CheckForMaintenanceMode.php(46): Illuminate\Routing\Pipeline->Illuminate\Routing\{closure}()
#46 /www/wwwroot/eckmar1/vendor/laravel/framework/src/Illuminate/Pipeline/Pipeline.php(148): Illuminate\Foundation\Http\Middleware\CheckForMaintenanceMode->handle()
#47 /www/wwwroot/eckmar1/vendor/laravel/framework/src/Illuminate/Routing/Pipeline.php(53): Illuminate\Pipeline\Pipeline->Illuminate\Pipeline\{closure}()
#48 /www/wwwroot/eckmar1/vendor/laravel/framework/src/Illuminate/Pipeline/Pipeline.php(102): Illuminate\Routing\Pipeline->Illuminate\Routing\{closure}()
#49 /www/wwwroot/eckmar1/vendor/laravel/framework/src/Illuminate/Foundation/Http/Kernel.php(151): Illuminate\Pipeline\Pipeline->then()
#50 /www/wwwroot/eckmar1/vendor/laravel/framework/src/Illuminate/Foundation/Http/Kernel.php(116): Illuminate\Foundation\Http\Kernel->sendRequestThroughRouter()
#51 /www/wwwroot/eckmar1/public/index.php(53): Illuminate\Foundation\Http\Kernel->handle()
#52 {main}  
[2023-02-24 11:34:50] local.ERROR: ErrorException: file_put_contents(/www/wwwroot/eckmar1/storage/framework/sessions/PtfzyVGnaCYcIxvo1VtkEyxCYLoxZiUtRe1993T9): failed to open stream: Permission denied in /www/wwwroot/eckmar1/vendor/laravel/framework/src/Illuminate/Filesystem/Filesystem.php:122
Stack trace:
#0 [internal function]: Illuminate\Foundation\Bootstrap\HandleExceptions->handleError()
#1 /www/wwwroot/eckmar1/vendor/laravel/framework/src/Illuminate/Filesystem/Filesystem.php(122): file_put_contents()
#2 /www/wwwroot/eckmar1/vendor/laravel/framework/src/Illuminate/Session/FileSessionHandler.php(83): Illuminate\Filesystem\Filesystem->put()
#3 /www/wwwroot/eckmar1/vendor/laravel/framework/src/Illuminate/Session/Store.php(128): Illuminate\Session\FileSessionHandler->write()
#4 /www/wwwroot/eckmar1/vendor/laravel/framework/src/Illuminate/Session/Middleware/StartSession.php(88): Illuminate\Session\Store->save()
#5 /www/wwwroot/eckmar1/vendor/laravel/framework/src/Illuminate/Foundation/Http/Kernel.php(218): Illuminate\Session\Middleware\StartSession->terminate()
#6 /www/wwwroot/eckmar1/vendor/laravel/framework/src/Illuminate/Foundation/Http/Kernel.php(189): Illuminate\Foundation\Http\Kernel->terminateMiddleware()
#7 /www/wwwroot/eckmar1/public/index.php(58): Illuminate\Foundation\Http\Kernel->terminate()
#8 {main}  
[2023-05-21 18:01:42] local.ERROR: Symfony\Component\Debug\Exception\FatalErrorException: Cannot declare class Bitcoin, because the name is already in use in /www/wwwroot/eckmar1/app/Http/Controllers/easybitcoin.php:4
Stack trace:
#0 {main}  
[2023-05-21 18:01:50] local.ERROR: Symfony\Component\Debug\Exception\FatalErrorException: Cannot declare class Bitcoin, because the name is already in use in /www/wwwroot/eckmar1/app/Http/Controllers/easybitcoin.php:4
Stack trace:
#0 {main}  
[2023-05-21 18:01:54] local.ERROR: Symfony\Component\Debug\Exception\FatalErrorException: Cannot declare class Bitcoin, because the name is already in use in /www/wwwroot/eckmar1/app/Http/Controllers/easybitcoin.php:4
Stack trace:
#0 {main}  
[2023-05-21 18:01:56] local.ERROR: Symfony\Component\Debug\Exception\FatalErrorException: Cannot declare class Bitcoin, because the name is already in use in /www/wwwroot/eckmar1/app/Http/Controllers/easybitcoin.php:4
Stack trace:
#0 {main}  
[2023-06-14 05:59:04] local.ERROR: Symfony\Component\Debug\Exception\FatalErrorException: Cannot declare class Bitcoin, because the name is already in use in /www/wwwroot/eckmar1/app/Http/Controllers/easybitcoin.php:4
Stack trace:
#0 {main}  
[2023-07-12 11:36:28] local.ERROR: Symfony\Component\Debug\Exception\FatalErrorException: Cannot declare class Bitcoin, because the name is already in use in /www/wwwroot/eckmar1/app/Http/Controllers/easybitcoin.php:4
Stack trace:
#0 {main}  
[2023-07-12 11:36:41] local.ERROR: Symfony\Component\Debug\Exception\FatalErrorException: Cannot declare class Bitcoin, because the name is already in use in /www/wwwroot/eckmar1/app/Http/Controllers/easybitcoin.php:4
Stack trace:
#0 {main}  
[2023-07-12 11:36:47] local.ERROR: Symfony\Component\Debug\Exception\FatalErrorException: Cannot declare class Bitcoin, because the name is already in use in /www/wwwroot/eckmar1/app/Http/Controllers/easybitcoin.php:4
Stack trace:
#0 {main}  
[2023-07-12 11:37:06] local.ERROR: Symfony\Component\Debug\Exception\FatalErrorException: Cannot declare class Bitcoin, because the name is already in use in /www/wwwroot/eckmar1/app/Http/Controllers/easybitcoin.php:4
Stack trace:
#0 {main}  
[2023-08-23 21:03:43] local.ERROR: Symfony\Component\Debug\Exception\FatalErrorException: Cannot declare class Bitcoin, because the name is already in use in /www/wwwroot/eckmar1/app/Http/Controllers/easybitcoin.php:4
Stack trace:
#0 {main}  
[2023-08-31 07:14:45] local.ERROR: Symfony\Component\Debug\Exception\FatalErrorException: Cannot declare class Bitcoin, because the name is already in use in /www/wwwroot/eckmar1/app/Http/Controllers/easybitcoin.php:4
Stack trace:
#0 {main}  
[2023-09-10 17:53:02] local.ERROR: Symfony\Component\Debug\Exception\FatalErrorException: Cannot declare class Bitcoin, because the name is already in use in /www/wwwroot/eckmar1/app/Http/Controllers/easybitcoin.php:4
Stack trace:
#0 {main}  
[2023-10-08 09:46:00] local.ERROR: Symfony\Component\Debug\Exception\FatalErrorException: Cannot declare class Bitcoin, because the name is already in use in /www/wwwroot/eckmar1/app/Http/Controllers/easybitcoin.php:4
Stack trace:
#0 {main}  
[2023-10-08 09:46:36] local.ERROR: Symfony\Component\Debug\Exception\FatalErrorException: Cannot declare class Bitcoin, because the name is already in use in /www/wwwroot/eckmar1/app/Http/Controllers/easybitcoin.php:4
Stack trace:
#0 {main}  
[2023-10-08 09:47:05] local.ERROR: Symfony\Component\Debug\Exception\FatalErrorException: Cannot declare class Bitcoin, because the name is already in use in /www/wwwroot/eckmar1/app/Http/Controllers/easybitcoin.php:4
Stack trace:
#0 {main}  
[2023-10-17 09:28:33] local.ERROR: Symfony\Component\Debug\Exception\FatalErrorException: Cannot declare class Bitcoin, because the name is already in use in /www/wwwroot/eckmar1/app/Http/Controllers/easybitcoin.php:4
Stack trace:
#0 {main}  
[2023-10-17 09:28:45] local.ERROR: Symfony\Component\Debug\Exception\FatalErrorException: Cannot declare class Bitcoin, because the name is already in use in /www/wwwroot/eckmar1/app/Http/Controllers/easybitcoin.php:4
Stack trace:
#0 {main}  
[2023-10-17 09:28:52] local.ERROR: Symfony\Component\Debug\Exception\FatalErrorException: Cannot declare class Bitcoin, because the name is already in use in /www/wwwroot/eckmar1/app/Http/Controllers/easybitcoin.php:4
Stack trace:
#0 {main}  
[2023-10-17 09:35:21] local.ERROR: Symfony\Component\Debug\Exception\FatalErrorException: Cannot declare class Bitcoin, because the name is already in use in /www/wwwroot/eckmar1/app/Http/Controllers/easybitcoin.php:4
Stack trace:
#0 {main}  
[2023-12-26 17:05:13] local.ERROR: Symfony\Component\Debug\Exception\FatalErrorException: Cannot declare class Bitcoin, because the name is already in use in /www/wwwroot/eckmar1/app/Http/Controllers/easybitcoin.php:4
Stack trace:
#0 {main}  
[2023-12-26 17:05:17] local.ERROR: Symfony\Component\Debug\Exception\FatalErrorException: Cannot declare class Bitcoin, because the name is already in use in /www/wwwroot/eckmar1/app/Http/Controllers/easybitcoin.php:4
Stack trace:
#0 {main}  
[2023-12-26 17:06:52] local.ERROR: Symfony\Component\Debug\Exception\FatalErrorException: Cannot declare class Bitcoin, because the name is already in use in /www/wwwroot/eckmar1/app/Http/Controllers/easybitcoin.php:4
Stack trace:
#0 {main}  
[2023-12-31 21:41:47] local.ERROR: Symfony\Component\Debug\Exception\FatalErrorException: Cannot declare class Bitcoin, because the name is already in use in /www/wwwroot/eckmar1/app/Http/Controllers/easybitcoin.php:4
Stack trace:
#0 {main}  
